#
# A fatal error has been detected by the Java Runtime Environment:
#
#  Internal Error (classFileParser.cpp:3494), pid=8536, tid=1624
#  Error: ShouldNotReachHere()
#
# JRE version: 6.0_25-b06
# Java VM: Java HotSpot(TM) 64-Bit Server VM (20.0-b11 mixed mode windows-amd64 compressed oops)
# If you would like to submit a bug report, please visit:
#   http://java.sun.com/webapps/bugreport/crash.jsp
#

---------------  T H R E A D  ---------------

Current thread (0x000000000039c000):  JavaThread "Unknown thread" [_thread_in_vm, id=1624, stack(0x0000000002400000,0x0000000002500000)]

Stack: [0x0000000002400000,0x0000000002500000]
[error occurred during error reporting (printing stack bounds), id 0xc0000005]


---------------  P R O C E S S  ---------------

Java Threads: ( => current thread )

Other Threads:

=>0x000000000039c000 (exited) JavaThread "Unknown thread" [_thread_in_vm, id=1624, stack(0x0000000002400000,0x0000000002500000)]

VM state:not at safepoint (not fully initialized)

VM Mutex/Monitor currently owned by a thread: None

Dynamic libraries:
0x0000000000400000 - 0x000000000042e000 	C:\Program Files\Java\jre6\bin\javaw.exe
0x0000000077690000 - 0x0000000077839000 	C:\WINDOWS\SYSTEM32\ntdll.dll
0x0000000077470000 - 0x000000007758f000 	C:\WINDOWS\system32\kernel32.dll
0x000007fefde50000 - 0x000007fefdebc000 	C:\WINDOWS\system32\KERNELBASE.dll
0x000007fefefe0000 - 0x000007feff0bb000 	C:\WINDOWS\system32\ADVAPI32.DLL
0x000007fefeee0000 - 0x000007fefef7f000 	C:\WINDOWS\system32\msvcrt.dll
0x000007feff300000 - 0x000007feff31f000 	C:\WINDOWS\SYSTEM32\sechost.dll
0x000007feff690000 - 0x000007feff7bd000 	C:\WINDOWS\system32\RPCRT4.dll
0x0000000077590000 - 0x000000007768a000 	C:\WINDOWS\system32\USER32.dll
0x000007feff3c0000 - 0x000007feff427000 	C:\WINDOWS\system32\GDI32.dll
0x000007feff0e0000 - 0x000007feff0ee000 	C:\WINDOWS\system32\LPK.dll
0x000007feff7c0000 - 0x000007feff889000 	C:\WINDOWS\system32\USP10.dll
0x000007fefeeb0000 - 0x000007fefeede000 	C:\WINDOWS\system32\IMM32.DLL
0x000007feff890000 - 0x000007feff999000 	C:\WINDOWS\system32\MSCTF.dll
0x000000006d7f0000 - 0x000000006dfa8000 	C:\Program Files\Java\jre6\bin\server\jvm.dll
0x000007fefbe30000 - 0x000007fefbe6b000 	C:\WINDOWS\system32\WINMM.dll
0x000000006d760000 - 0x000000006d76e000 	C:\Program Files\Java\jre6\bin\verify.dll
0x000000006d3b0000 - 0x000000006d3d7000 	C:\Program Files\Java\jre6\bin\java.dll
0x0000000077850000 - 0x0000000077857000 	C:\WINDOWS\system32\PSAPI.DLL
0x000000006d420000 - 0x000000006d454000 	C:\Program Files\Java\jre6\bin\jdwp.dll
0x000000006d630000 - 0x000000006d638000 	C:\Program Files\Java\jre6\bin\npt.dll
0x000000006d7b0000 - 0x000000006d7c2000 	C:\Program Files\Java\jre6\bin\zip.dll

VM Arguments:
jvm_args: -agentlib:jdwp=transport=dt_socket,suspend=y,address=localhost:64579 -Dfile.encoding=Cp1251 -Xbootclasspath:D:\android-sdk-windows\platforms\android-4\android.jar 
java_command: org.eclipse.jdt.internal.junit.runner.RemoteTestRunner -version 3 -port 64578 -testLoaderClass org.eclipse.jdt.internal.junit4.runner.JUnit4TestLoader -loaderpluginname org.eclipse.jdt.junit4.runtime -classNames tests.MrimEntityParserTest
Launcher Type: SUN_STANDARD

Environment Variables:
JAVA_HOME=c:\Program Files\Java\jdk1.6.0_25\
CLASSPATH=.;C:\Program Files (x86)\QuickTime\QTSystem\QTJava.zip
PATH=C:\Program Files (x86)\PHP\;C:\WINDOWS\system32;C:\WINDOWS;C:\WINDOWS\System32\Wbem;C:\WINDOWS\System32\WindowsPowerShell\v1.0\;C:\Program Files (x86)\QuickTime\QTSystem\;C:\Program Files\TortoiseSVN\bin;c:\Program Files\Java\jdk1.6.0_25\bin\;C:\Program Files (x86)\WinMerge;C:\Program Files (x86)\WinSCP\
USERNAME=Sergiy_Plygun
OS=Windows_NT
PROCESSOR_IDENTIFIER=Intel64 Family 6 Model 15 Stepping 11, GenuineIntel



---------------  S Y S T E M  ---------------

OS: Windows 7 Build 7601 Service Pack 1

CPU:total 2 (2 cores per cpu, 1 threads per core) family 6 model 15 stepping 11, cmov, cx8, fxsr, mmx, sse, sse2, sse3, ssse3

Memory: 4k page, physical 4111668k(268240k free), swap 8221488k(1581888k free)

vm_info: Java HotSpot(TM) 64-Bit Server VM (20.0-b11) for windows-amd64 JRE (1.6.0_25-b06), built on Apr 14 2011 00:44:38 by "java_re" with MS VC++ 8.0 (VS2005)

time: Wed Sep 07 12:05:35 2011
elapsed time: 0 seconds

